=== IonQ collector RETRY (30min cap) started 2026-05-03T12:32:55Z ===
2026-05-03T12:32:57Z iter=1 elapsed=0s circuit_a_b => QUEUED
2026-05-03T12:32:59Z iter=1 elapsed=0s circuit_a_bprime => QUEUED
2026-05-03T12:33:03Z iter=1 elapsed=0s circuit_aprime_b => QUEUED
2026-05-03T12:33:06Z iter=1 elapsed=0s circuit_aprime_bprime => QUEUED
[GATE] dispatch=local reason=remote_unreachable cmd="python3 /Users/ghost/core/anima/state/qmirror_chsh_xvendor_2026_05_03/analyze.py"
{
  "verdict": "PARTIAL_PENDING",
  "S_rigetti": 2.2734375,
  "S_ionq": null,
  "S_nexus_ref": 2.808,
  "any_pair_pass": false,
  "ionq_complete": 0,
  "rig_complete": 4
}
2026-05-03T12:36:08Z iter=2 elapsed=191s circuit_a_b => QUEUED
2026-05-03T12:36:10Z iter=2 elapsed=191s circuit_a_bprime => QUEUED
2026-05-03T12:36:12Z iter=2 elapsed=191s circuit_aprime_b => QUEUED
2026-05-03T12:36:14Z iter=2 elapsed=191s circuit_aprime_bprime => QUEUED
[GATE] dispatch=local reason=remote_unreachable cmd="python3 /Users/ghost/core/anima/state/qmirror_chsh_xvendor_2026_05_03/analyze.py"
{
  "verdict": "PARTIAL_PENDING",
  "S_rigetti": 2.2734375,
  "S_ionq": null,
  "S_nexus_ref": 2.808,
  "any_pair_pass": false,
  "ionq_complete": 0,
  "rig_complete": 4
}
2026-05-03T12:39:16Z iter=3 elapsed=379s circuit_a_b => QUEUED
2026-05-03T12:39:18Z iter=3 elapsed=379s circuit_a_bprime => QUEUED
2026-05-03T12:39:20Z iter=3 elapsed=379s circuit_aprime_b => QUEUED
2026-05-03T12:39:22Z iter=3 elapsed=379s circuit_aprime_bprime => QUEUED
[GATE] dispatch=local reason=remote_unreachable cmd="python3 /Users/ghost/core/anima/state/qmirror_chsh_xvendor_2026_05_03/analyze.py"
{
  "verdict": "PARTIAL_PENDING",
  "S_rigetti": 2.2734375,
  "S_ionq": null,
  "S_nexus_ref": 2.808,
  "any_pair_pass": false,
  "ionq_complete": 0,
  "rig_complete": 4
}
2026-05-03T12:42:24Z iter=4 elapsed=567s circuit_a_b => QUEUED
2026-05-03T12:42:27Z iter=4 elapsed=567s circuit_a_bprime => QUEUED
2026-05-03T12:42:28Z iter=4 elapsed=567s circuit_aprime_b => QUEUED
2026-05-03T12:42:31Z iter=4 elapsed=567s circuit_aprime_bprime => QUEUED
[GATE] dispatch=local reason=remote_unreachable cmd="python3 /Users/ghost/core/anima/state/qmirror_chsh_xvendor_2026_05_03/analyze.py"
{
  "verdict": "PARTIAL_PENDING",
  "S_rigetti": 2.2734375,
  "S_ionq": null,
  "S_nexus_ref": 2.808,
  "any_pair_pass": false,
  "ionq_complete": 0,
  "rig_complete": 4
}
2026-05-03T12:45:33Z iter=5 elapsed=756s circuit_a_b => QUEUED
2026-05-03T12:45:36Z iter=5 elapsed=756s circuit_a_bprime => QUEUED
2026-05-03T12:45:37Z iter=5 elapsed=756s circuit_aprime_b => QUEUED
2026-05-03T12:45:39Z iter=5 elapsed=756s circuit_aprime_bprime => QUEUED
[GATE] dispatch=local cmd="python3 /Users/ghost/core/anima/state/qmirror_chsh_xvendor_2026_05_03/analyze.py"
{
  "verdict": "PARTIAL_PENDING",
  "S_rigetti": 2.2734375,
  "S_ionq": null,
  "S_nexus_ref": 2.808,
  "any_pair_pass": false,
  "ionq_complete": 0,
  "rig_complete": 4
}
2026-05-03T12:48:41Z iter=6 elapsed=944s circuit_a_b => COMPLETED
  downloaded /Users/ghost/core/anima/state/qmirror_chsh_xvendor_2026_05_03/raw_results/ionq_circuit_a_b.json
2026-05-03T12:48:44Z iter=6 elapsed=944s circuit_a_bprime => COMPLETED
  downloaded /Users/ghost/core/anima/state/qmirror_chsh_xvendor_2026_05_03/raw_results/ionq_circuit_a_bprime.json
2026-05-03T12:48:47Z iter=6 elapsed=944s circuit_aprime_b => COMPLETED
  downloaded /Users/ghost/core/anima/state/qmirror_chsh_xvendor_2026_05_03/raw_results/ionq_circuit_aprime_b.json
2026-05-03T12:48:50Z iter=6 elapsed=944s circuit_aprime_bprime => COMPLETED
  downloaded /Users/ghost/core/anima/state/qmirror_chsh_xvendor_2026_05_03/raw_results/ionq_circuit_aprime_bprime.json
[GATE] dispatch=local reason=remote_unreachable cmd="python3 /Users/ghost/core/anima/state/qmirror_chsh_xvendor_2026_05_03/analyze.py"
{
  "verdict": "PASS",
  "S_rigetti": 2.2734375,
  "S_ionq": 2.92,
  "S_nexus_ref": 2.808,
  "any_pair_pass": true,
  "ionq_complete": 4,
  "rig_complete": 4
}
=== all 4 tasks resolved at 2026-05-03T12:48:56Z ===
[GATE] dispatch=local reason=remote_unreachable cmd="python3 /Users/ghost/core/anima/state/qmirror_chsh_xvendor_2026_05_03/analyze.py"
{
  "verdict": "PASS",
  "S_rigetti": 2.2734375,
  "S_ionq": 2.92,
  "S_nexus_ref": 2.808,
  "any_pair_pass": true,
  "ionq_complete": 4,
  "rig_complete": 4
}
=== IonQ collector exit 2026-05-03T12:48:56Z iter=6 ===
